[debug] [2025-08-28T10:40:47.774Z] ----------------------------------------------------------------------
[debug] [2025-08-28T10:40:47.775Z] Command:       /usr/local/bin/node /Users/eddywayz/.npm-global/bin/firebase deploy --only functions
[debug] [2025-08-28T10:40:47.775Z] CLI Version:   14.2.0
[debug] [2025-08-28T10:40:47.775Z] Platform:      darwin
[debug] [2025-08-28T10:40:47.775Z] Node Version:  v22.15.0
[debug] [2025-08-28T10:40:47.776Z] Time:          Thu Aug 28 2025 12:40:47 GMT+0200 (Central European Summer Time)
[debug] [2025-08-28T10:40:47.776Z] ----------------------------------------------------------------------
[debug] 
[debug] [2025-08-28T10:40:47.863Z] > command requires scopes: ["email","openid","https://www.googleapis.com/auth/cloudplatformprojects.readonly","https://www.googleapis.com/auth/firebase","https://www.googleapis.com/auth/cloud-platform"]
[debug] [2025-08-28T10:40:47.863Z] > authorizing via signed-in user (eduard.wayz@gmail.com)
[debug] [2025-08-28T10:40:47.863Z] [iam] checking project hochzeiteduardjoanne for permissions ["cloudfunctions.functions.create","cloudfunctions.functions.delete","cloudfunctions.functions.get","cloudfunctions.functions.list","cloudfunctions.functions.update","cloudfunctions.operations.get","firebase.projects.get"]
[debug] [2025-08-28T10:40:47.863Z] Checked if tokens are valid: true, expires at: 1756379533430
[debug] [2025-08-28T10:40:47.863Z] Checked if tokens are valid: true, expires at: 1756379533430
[debug] [2025-08-28T10:40:47.864Z] >>> [apiv2][query] POST https://cloudresourcemanager.googleapis.com/v1/projects/hochzeiteduardjoanne:testIamPermissions [none]
[debug] [2025-08-28T10:40:47.864Z] >>> [apiv2][(partial)header] POST https://cloudresourcemanager.googleapis.com/v1/projects/hochzeiteduardjoanne:testIamPermissions x-goog-quota-user=projects/hochzeiteduardjoanne
[debug] [2025-08-28T10:40:47.864Z] >>> [apiv2][body] POST https://cloudresourcemanager.googleapis.com/v1/projects/hochzeiteduardjoanne:testIamPermissions {"permissions":["cloudfunctions.functions.create","cloudfunctions.functions.delete","cloudfunctions.functions.get","cloudfunctions.functions.list","cloudfunctions.functions.update","cloudfunctions.operations.get","firebase.projects.get"]}
[debug] [2025-08-28T10:40:48.647Z] <<< [apiv2][status] POST https://cloudresourcemanager.googleapis.com/v1/projects/hochzeiteduardjoanne:testIamPermissions 200
[debug] [2025-08-28T10:40:48.647Z] <<< [apiv2][body] POST https://cloudresourcemanager.googleapis.com/v1/projects/hochzeiteduardjoanne:testIamPermissions {"permissions":["cloudfunctions.functions.create","cloudfunctions.functions.delete","cloudfunctions.functions.get","cloudfunctions.functions.list","cloudfunctions.functions.update","cloudfunctions.operations.get","firebase.projects.get"]}
[debug] [2025-08-28T10:40:48.648Z] Checked if tokens are valid: true, expires at: 1756379533430
[debug] [2025-08-28T10:40:48.648Z] Checked if tokens are valid: true, expires at: 1756379533430
[debug] [2025-08-28T10:40:48.648Z] >>> [apiv2][query] POST https://iam.googleapis.com/v1/projects/hochzeiteduardjoanne/serviceAccounts/hochzeiteduardjoanne@appspot.gserviceaccount.com:testIamPermissions [none]
[debug] [2025-08-28T10:40:48.648Z] >>> [apiv2][body] POST https://iam.googleapis.com/v1/projects/hochzeiteduardjoanne/serviceAccounts/hochzeiteduardjoanne@appspot.gserviceaccount.com:testIamPermissions {"permissions":["iam.serviceAccounts.actAs"]}
[debug] [2025-08-28T10:40:49.386Z] <<< [apiv2][status] POST https://iam.googleapis.com/v1/projects/hochzeiteduardjoanne/serviceAccounts/hochzeiteduardjoanne@appspot.gserviceaccount.com:testIamPermissions 200
[debug] [2025-08-28T10:40:49.386Z] <<< [apiv2][body] POST https://iam.googleapis.com/v1/projects/hochzeiteduardjoanne/serviceAccounts/hochzeiteduardjoanne@appspot.gserviceaccount.com:testIamPermissions {"permissions":["iam.serviceAccounts.actAs"]}
[info] 
[info] === Deploying to 'hochzeiteduardjoanne'...
[info] 
[info] i  deploying functions 
[debug] [2025-08-28T10:40:49.390Z] Checked if tokens are valid: true, expires at: 1756379533430
[debug] [2025-08-28T10:40:49.390Z] Checked if tokens are valid: true, expires at: 1756379533430
[debug] [2025-08-28T10:40:49.391Z] >>> [apiv2][query] GET https://cloudresourcemanager.googleapis.com/v1/projects/hochzeiteduardjoanne [none]
[debug] [2025-08-28T10:40:49.589Z] <<< [apiv2][status] GET https://cloudresourcemanager.googleapis.com/v1/projects/hochzeiteduardjoanne 200
[debug] [2025-08-28T10:40:49.589Z] <<< [apiv2][body] GET https://cloudresourcemanager.googleapis.com/v1/projects/hochzeiteduardjoanne {"projectNumber":"209565556740","projectId":"hochzeiteduardjoanne","lifecycleState":"ACTIVE","name":"HochzeitEduardJoanne","labels":{"firebase":"enabled","firebase-core":"disabled"},"createTime":"2025-04-19T11:37:41.941465Z"}
[info] i  functions: preparing codebase default for deployment 
[info] i  functions: ensuring required API cloudfunctions.googleapis.com is enabled... 
[debug] [2025-08-28T10:40:49.594Z] Checked if tokens are valid: true, expires at: 1756379533430
[debug] [2025-08-28T10:40:49.594Z] Checked if tokens are valid: true, expires at: 1756379533430
[debug] [2025-08-28T10:40:49.595Z] Checked if tokens are valid: true, expires at: 1756379533430
[debug] [2025-08-28T10:40:49.596Z] Checked if tokens are valid: true, expires at: 1756379533430
[info] i  functions: ensuring required API cloudbuild.googleapis.com is enabled... 
[debug] [2025-08-28T10:40:49.598Z] Checked if tokens are valid: true, expires at: 1756379533430
[debug] [2025-08-28T10:40:49.599Z] Checked if tokens are valid: true, expires at: 1756379533430
[info] i  artifactregistry: ensuring required API artifactregistry.googleapis.com is enabled... 
[debug] [2025-08-28T10:40:49.601Z] Checked if tokens are valid: true, expires at: 1756379533430
[debug] [2025-08-28T10:40:49.601Z] Checked if tokens are valid: true, expires at: 1756379533430
[debug] [2025-08-28T10:40:49.601Z] >>> [apiv2][query] GET https://serviceusage.googleapis.com/v1/projects/hochzeiteduardjoanne/services/cloudfunctions.googleapis.com [none]
[debug] [2025-08-28T10:40:49.601Z] >>> [apiv2][(partial)header] GET https://serviceusage.googleapis.com/v1/projects/hochzeiteduardjoanne/services/cloudfunctions.googleapis.com x-goog-quota-user=projects/hochzeiteduardjoanne
[debug] [2025-08-28T10:40:49.615Z] >>> [apiv2][query] GET https://serviceusage.googleapis.com/v1/projects/hochzeiteduardjoanne/services/runtimeconfig.googleapis.com [none]
[debug] [2025-08-28T10:40:49.615Z] >>> [apiv2][(partial)header] GET https://serviceusage.googleapis.com/v1/projects/hochzeiteduardjoanne/services/runtimeconfig.googleapis.com x-goog-quota-user=projects/hochzeiteduardjoanne
[debug] [2025-08-28T10:40:49.617Z] >>> [apiv2][query] GET https://serviceusage.googleapis.com/v1/projects/hochzeiteduardjoanne/services/cloudbuild.googleapis.com [none]
[debug] [2025-08-28T10:40:49.617Z] >>> [apiv2][(partial)header] GET https://serviceusage.googleapis.com/v1/projects/hochzeiteduardjoanne/services/cloudbuild.googleapis.com x-goog-quota-user=projects/hochzeiteduardjoanne
[debug] [2025-08-28T10:40:49.619Z] >>> [apiv2][query] GET https://serviceusage.googleapis.com/v1/projects/hochzeiteduardjoanne/services/artifactregistry.googleapis.com [none]
[debug] [2025-08-28T10:40:49.619Z] >>> [apiv2][(partial)header] GET https://serviceusage.googleapis.com/v1/projects/hochzeiteduardjoanne/services/artifactregistry.googleapis.com x-goog-quota-user=projects/hochzeiteduardjoanne
[debug] [2025-08-28T10:40:50.706Z] <<< [apiv2][status] GET https://serviceusage.googleapis.com/v1/projects/hochzeiteduardjoanne/services/runtimeconfig.googleapis.com 200
[debug] [2025-08-28T10:40:50.706Z] <<< [apiv2][body] GET https://serviceusage.googleapis.com/v1/projects/hochzeiteduardjoanne/services/runtimeconfig.googleapis.com [omitted]
[debug] [2025-08-28T10:40:50.708Z] <<< [apiv2][status] GET https://serviceusage.googleapis.com/v1/projects/hochzeiteduardjoanne/services/cloudbuild.googleapis.com 200
[debug] [2025-08-28T10:40:50.708Z] <<< [apiv2][body] GET https://serviceusage.googleapis.com/v1/projects/hochzeiteduardjoanne/services/cloudbuild.googleapis.com [omitted]
[info] ✔  functions: required API cloudbuild.googleapis.com is enabled 
[debug] [2025-08-28T10:40:50.710Z] <<< [apiv2][status] GET https://serviceusage.googleapis.com/v1/projects/hochzeiteduardjoanne/services/artifactregistry.googleapis.com 200
[debug] [2025-08-28T10:40:50.710Z] <<< [apiv2][body] GET https://serviceusage.googleapis.com/v1/projects/hochzeiteduardjoanne/services/artifactregistry.googleapis.com [omitted]
[info] ✔  artifactregistry: required API artifactregistry.googleapis.com is enabled 
[debug] [2025-08-28T10:40:50.711Z] <<< [apiv2][status] GET https://serviceusage.googleapis.com/v1/projects/hochzeiteduardjoanne/services/cloudfunctions.googleapis.com 200
[debug] [2025-08-28T10:40:50.711Z] <<< [apiv2][body] GET https://serviceusage.googleapis.com/v1/projects/hochzeiteduardjoanne/services/cloudfunctions.googleapis.com [omitted]
[info] ✔  functions: required API cloudfunctions.googleapis.com is enabled 
[debug] [2025-08-28T10:40:50.711Z] Checked if tokens are valid: true, expires at: 1756379533430
[debug] [2025-08-28T10:40:50.711Z] Checked if tokens are valid: true, expires at: 1756379533430
[debug] [2025-08-28T10:40:50.711Z] >>> [apiv2][query] GET https://firebase.googleapis.com/v1beta1/projects/hochzeiteduardjoanne/adminSdkConfig [none]
[debug] [2025-08-28T10:40:51.213Z] <<< [apiv2][status] GET https://firebase.googleapis.com/v1beta1/projects/hochzeiteduardjoanne/adminSdkConfig 200
[debug] [2025-08-28T10:40:51.213Z] <<< [apiv2][body] GET https://firebase.googleapis.com/v1beta1/projects/hochzeiteduardjoanne/adminSdkConfig {"projectId":"hochzeiteduardjoanne","storageBucket":"hochzeiteduardjoanne.firebasestorage.app"}
[debug] [2025-08-28T10:40:51.213Z] Checked if tokens are valid: true, expires at: 1756379533430
[debug] [2025-08-28T10:40:51.214Z] Checked if tokens are valid: true, expires at: 1756379533430
[debug] [2025-08-28T10:40:51.214Z] >>> [apiv2][query] GET https://runtimeconfig.googleapis.com/v1beta1/projects/hochzeiteduardjoanne/configs [none]
[debug] [2025-08-28T10:40:51.529Z] <<< [apiv2][status] GET https://runtimeconfig.googleapis.com/v1beta1/projects/hochzeiteduardjoanne/configs 200
[debug] [2025-08-28T10:40:51.529Z] <<< [apiv2][body] GET https://runtimeconfig.googleapis.com/v1beta1/projects/hochzeiteduardjoanne/configs {"configs":[{"name":"projects/hochzeiteduardjoanne/configs/mailersend"},{"name":"projects/hochzeiteduardjoanne/configs/app"}]}
[debug] [2025-08-28T10:40:51.530Z] Checked if tokens are valid: true, expires at: 1756379533430
[debug] [2025-08-28T10:40:51.530Z] Checked if tokens are valid: true, expires at: 1756379533430
[debug] [2025-08-28T10:40:51.530Z] Checked if tokens are valid: true, expires at: 1756379533430
[debug] [2025-08-28T10:40:51.530Z] Checked if tokens are valid: true, expires at: 1756379533430
[debug] [2025-08-28T10:40:51.530Z] >>> [apiv2][query] GET https://runtimeconfig.googleapis.com/v1beta1/projects/hochzeiteduardjoanne/configs/mailersend/variables [none]
[debug] [2025-08-28T10:40:51.531Z] >>> [apiv2][query] GET https://runtimeconfig.googleapis.com/v1beta1/projects/hochzeiteduardjoanne/configs/app/variables [none]
[debug] [2025-08-28T10:40:51.731Z] <<< [apiv2][status] GET https://runtimeconfig.googleapis.com/v1beta1/projects/hochzeiteduardjoanne/configs/mailersend/variables 200
[debug] [2025-08-28T10:40:51.732Z] <<< [apiv2][body] GET https://runtimeconfig.googleapis.com/v1beta1/projects/hochzeiteduardjoanne/configs/mailersend/variables {"variables":[{"name":"projects/hochzeiteduardjoanne/configs/mailersend/variables/key","updateTime":"2025-06-06T19:59:31.380029295Z"}]}
[debug] [2025-08-28T10:40:51.732Z] Checked if tokens are valid: true, expires at: 1756379533430
[debug] [2025-08-28T10:40:51.732Z] Checked if tokens are valid: true, expires at: 1756379533430
[debug] [2025-08-28T10:40:51.732Z] >>> [apiv2][query] GET https://runtimeconfig.googleapis.com/v1beta1/projects/hochzeiteduardjoanne/configs/mailersend/variables/key [none]
[debug] [2025-08-28T10:40:51.822Z] <<< [apiv2][status] GET https://runtimeconfig.googleapis.com/v1beta1/projects/hochzeiteduardjoanne/configs/app/variables 200
[debug] [2025-08-28T10:40:51.823Z] <<< [apiv2][body] GET https://runtimeconfig.googleapis.com/v1beta1/projects/hochzeiteduardjoanne/configs/app/variables {"variables":[{"name":"projects/hochzeiteduardjoanne/configs/app/variables/base_url","updateTime":"2025-08-28T09:58:44.444854332Z"}]}
[debug] [2025-08-28T10:40:51.823Z] Checked if tokens are valid: true, expires at: 1756379533430
[debug] [2025-08-28T10:40:51.823Z] Checked if tokens are valid: true, expires at: 1756379533430
[debug] [2025-08-28T10:40:51.823Z] >>> [apiv2][query] GET https://runtimeconfig.googleapis.com/v1beta1/projects/hochzeiteduardjoanne/configs/app/variables/base_url [none]
[debug] [2025-08-28T10:40:51.933Z] <<< [apiv2][status] GET https://runtimeconfig.googleapis.com/v1beta1/projects/hochzeiteduardjoanne/configs/mailersend/variables/key 200
[debug] [2025-08-28T10:40:51.940Z] <<< [apiv2][body] GET https://runtimeconfig.googleapis.com/v1beta1/projects/hochzeiteduardjoanne/configs/mailersend/variables/key {"name":"projects/hochzeiteduardjoanne/configs/mailersend/variables/key","updateTime":"2025-06-06T19:59:31.380029295Z","text":"mlsn.fca29e0c734fe32ed3919ece3b03dc12168c582ff3c681982debd4ecdd4a9d72"}
[debug] [2025-08-28T10:40:52.029Z] <<< [apiv2][status] GET https://runtimeconfig.googleapis.com/v1beta1/projects/hochzeiteduardjoanne/configs/app/variables/base_url 200
[debug] [2025-08-28T10:40:52.029Z] <<< [apiv2][body] GET https://runtimeconfig.googleapis.com/v1beta1/projects/hochzeiteduardjoanne/configs/app/variables/base_url {"name":"projects/hochzeiteduardjoanne/configs/app/variables/base_url","updateTime":"2025-08-28T09:58:44.444854332Z","text":"https://eddywayz.github.io/Hochzeit_Eduard_Joanne"}
[debug] [2025-08-28T10:40:52.032Z] Validating nodejs source
[warn] ⚠  functions: package.json indicates an outdated version of firebase-functions. Please upgrade using npm install --save firebase-functions@latest in your functions directory. 
[warn] ⚠  functions: Please note that there will be breaking changes when you upgrade. 
[debug] [2025-08-28T10:40:52.630Z] > [functions] package.json contents: {
  "name": "functions",
  "description": "Cloud Functions for Firebase",
  "scripts": {
    "serve": "firebase emulators:start --only functions",
    "shell": "firebase functions:shell",
    "start": "npm run shell",
    "deploy": "firebase deploy --only functions",
    "logs": "firebase functions:log"
  },
  "engines": {
    "node": "22"
  },
  "main": "index.js",
  "dependencies": {
    "cookie-parser": "^1.4.6",
    "firebase-admin": "^12.1.0",
    "firebase-functions": "^5.0.1",
    "handlebars": "^4.7.8",
    "axios": "^1.6.8"
  },
  "devDependencies": {
    "firebase-functions-test": "^3.1.0"
  },
  "private": true
}
[debug] [2025-08-28T10:40:52.630Z] Building nodejs source
[info] i  functions: Loading and analyzing source code for codebase default to determine what to deploy 
[debug] [2025-08-28T10:40:52.631Z] Could not find functions.yaml. Must use http discovery
[debug] [2025-08-28T10:40:52.640Z] Found firebase-functions binary at '/Users/eddywayz/Desktop/GitHub/Hochzeitswebseite/Hochzeit_Eduard_Joanne/functions/node_modules/.bin/firebase-functions'
[info] Serving at port 8610

[debug] [2025-08-28T10:40:52.996Z] Got response from /__/functions.yaml {"endpoints":{"onGiftReserved":{"platform":"gcfv1","availableMemoryMb":null,"timeoutSeconds":null,"minInstances":null,"maxInstances":null,"ingressSettings":null,"serviceAccountEmail":null,"vpc":null,"eventTrigger":{"eventType":"providers/cloud.firestore/eventTypes/document.update","eventFilters":{"resource":"projects/hochzeiteduardjoanne/databases/(default)/documents/gifts/{giftId}"},"retry":false},"labels":{},"entryPoint":"onGiftReserved"},"onRsvpSubmitted":{"platform":"gcfv1","availableMemoryMb":null,"timeoutSeconds":null,"minInstances":null,"maxInstances":null,"ingressSettings":null,"serviceAccountEmail":null,"vpc":null,"eventTrigger":{"eventType":"providers/cloud.firestore/eventTypes/document.create","eventFilters":{"resource":"projects/hochzeiteduardjoanne/databases/(default)/documents/rsvps/{rsvpId}"},"retry":false},"labels":{},"entryPoint":"onRsvpSubmitted"},"onRsvpUpdated":{"platform":"gcfv1","availableMemoryMb":null,"timeoutSeconds":null,"minInstances":null,"maxInstances":null,"ingressSettings":null,"serviceAccountEmail":null,"vpc":null,"eventTrigger":{"eventType":"providers/cloud.firestore/eventTypes/document.update","eventFilters":{"resource":"projects/hochzeiteduardjoanne/databases/(default)/documents/rsvps/{rsvpId}"},"retry":false},"labels":{},"entryPoint":"onRsvpUpdated"},"undoGift":{"platform":"gcfv1","availableMemoryMb":null,"timeoutSeconds":null,"minInstances":null,"maxInstances":null,"ingressSettings":null,"serviceAccountEmail":null,"vpc":null,"httpsTrigger":{},"entryPoint":"undoGift"},"login":{"platform":"gcfv1","availableMemoryMb":null,"timeoutSeconds":null,"minInstances":null,"maxInstances":null,"ingressSettings":null,"serviceAccountEmail":null,"vpc":null,"httpsTrigger":{},"entryPoint":"login"},"sessionLogin":{"platform":"gcfv1","availableMemoryMb":null,"timeoutSeconds":null,"minInstances":null,"maxInstances":null,"ingressSettings":null,"serviceAccountEmail":null,"vpc":null,"httpsTrigger":{},"entryPoint":"sessionLogin"},"sessionLogout":{"platform":"gcfv1","availableMemoryMb":null,"timeoutSeconds":null,"minInstances":null,"maxInstances":null,"ingressSettings":null,"serviceAccountEmail":null,"vpc":null,"httpsTrigger":{},"entryPoint":"sessionLogout"},"admin":{"platform":"gcfv1","availableMemoryMb":null,"timeoutSeconds":null,"minInstances":null,"maxInstances":null,"ingressSettings":null,"serviceAccountEmail":null,"vpc":null,"httpsTrigger":{},"entryPoint":"admin"},"sendContactMail":{"platform":"gcfv1","availableMemoryMb":null,"timeoutSeconds":null,"minInstances":null,"maxInstances":null,"ingressSettings":null,"serviceAccountEmail":null,"vpc":null,"httpsTrigger":{},"entryPoint":"sendContactMail"}},"specVersion":"v1alpha1","requiredAPIs":[],"extensions":{}}
[info] i  extensions: ensuring required API firebaseextensions.googleapis.com is enabled... 
[debug] [2025-08-28T10:40:57.024Z] Checked if tokens are valid: true, expires at: 1756379533430
[debug] [2025-08-28T10:40:57.024Z] Checked if tokens are valid: true, expires at: 1756379533430
[debug] [2025-08-28T10:40:57.025Z] >>> [apiv2][query] GET https://serviceusage.googleapis.com/v1/projects/hochzeiteduardjoanne/services/firebaseextensions.googleapis.com [none]
[debug] [2025-08-28T10:40:57.025Z] >>> [apiv2][(partial)header] GET https://serviceusage.googleapis.com/v1/projects/hochzeiteduardjoanne/services/firebaseextensions.googleapis.com x-goog-quota-user=projects/hochzeiteduardjoanne
[debug] [2025-08-28T10:40:57.983Z] <<< [apiv2][status] GET https://serviceusage.googleapis.com/v1/projects/hochzeiteduardjoanne/services/firebaseextensions.googleapis.com 200
[debug] [2025-08-28T10:40:57.984Z] <<< [apiv2][body] GET https://serviceusage.googleapis.com/v1/projects/hochzeiteduardjoanne/services/firebaseextensions.googleapis.com [omitted]
[info] ✔  extensions: required API firebaseextensions.googleapis.com is enabled 
[debug] [2025-08-28T10:40:57.984Z] > command requires scopes: ["email","openid","https://www.googleapis.com/auth/cloudplatformprojects.readonly","https://www.googleapis.com/auth/firebase","https://www.googleapis.com/auth/cloud-platform"]
[debug] [2025-08-28T10:40:57.984Z] > authorizing via signed-in user (eduard.wayz@gmail.com)
[debug] [2025-08-28T10:40:57.985Z] [iam] checking project hochzeiteduardjoanne for permissions ["firebase.projects.get","firebaseextensions.instances.list"]
[debug] [2025-08-28T10:40:57.985Z] Checked if tokens are valid: true, expires at: 1756379533430
[debug] [2025-08-28T10:40:57.985Z] Checked if tokens are valid: true, expires at: 1756379533430
[debug] [2025-08-28T10:40:57.985Z] >>> [apiv2][query] POST https://cloudresourcemanager.googleapis.com/v1/projects/hochzeiteduardjoanne:testIamPermissions [none]
[debug] [2025-08-28T10:40:57.985Z] >>> [apiv2][(partial)header] POST https://cloudresourcemanager.googleapis.com/v1/projects/hochzeiteduardjoanne:testIamPermissions x-goog-quota-user=projects/hochzeiteduardjoanne
[debug] [2025-08-28T10:40:57.985Z] >>> [apiv2][body] POST https://cloudresourcemanager.googleapis.com/v1/projects/hochzeiteduardjoanne:testIamPermissions {"permissions":["firebase.projects.get","firebaseextensions.instances.list"]}
[debug] [2025-08-28T10:40:58.229Z] <<< [apiv2][status] POST https://cloudresourcemanager.googleapis.com/v1/projects/hochzeiteduardjoanne:testIamPermissions 200
[debug] [2025-08-28T10:40:58.229Z] <<< [apiv2][body] POST https://cloudresourcemanager.googleapis.com/v1/projects/hochzeiteduardjoanne:testIamPermissions {"permissions":["firebase.projects.get","firebaseextensions.instances.list"]}
[debug] [2025-08-28T10:40:58.230Z] Checked if tokens are valid: true, expires at: 1756379533430
[debug] [2025-08-28T10:40:58.230Z] Checked if tokens are valid: true, expires at: 1756379533430
[debug] [2025-08-28T10:40:58.230Z] >>> [apiv2][query] GET https://firebaseextensions.googleapis.com/v1beta/projects/hochzeiteduardjoanne/instances pageSize=100&pageToken=
[debug] [2025-08-28T10:40:59.085Z] <<< [apiv2][status] GET https://firebaseextensions.googleapis.com/v1beta/projects/hochzeiteduardjoanne/instances 200
[debug] [2025-08-28T10:40:59.086Z] <<< [apiv2][body] GET https://firebaseextensions.googleapis.com/v1beta/projects/hochzeiteduardjoanne/instances {}
[info] i  functions: preparing functions directory for uploading... 
[info] i  functions: packaged /Users/eddywayz/Desktop/GitHub/Hochzeitswebseite/Hochzeit_Eduard_Joanne/functions (71.26 KB) for uploading 
[debug] [2025-08-28T10:40:59.134Z] Checked if tokens are valid: true, expires at: 1756379533430
[debug] [2025-08-28T10:40:59.134Z] Checked if tokens are valid: true, expires at: 1756379533430
[debug] [2025-08-28T10:40:59.135Z] >>> [apiv2][query] GET https://cloudfunctions.googleapis.com/v1/projects/hochzeiteduardjoanne/locations/-/functions [none]
[debug] [2025-08-28T10:40:59.803Z] <<< [apiv2][status] GET https://cloudfunctions.googleapis.com/v1/projects/hochzeiteduardjoanne/locations/-/functions 200
[debug] [2025-08-28T10:40:59.803Z] <<< [apiv2][body] GET https://cloudfunctions.googleapis.com/v1/projects/hochzeiteduardjoanne/locations/-/functions {"functions":[{"name":"projects/hochzeiteduardjoanne/locations/us-central1/functions/onRsvpSubmitted","eventTrigger":{"eventType":"providers/cloud.firestore/eventTypes/document.create","resource":"projects/hochzeiteduardjoanne/databases/(default)/documents/rsvps/{rsvpId}","service":"firestore.googleapis.com","failurePolicy":{}},"status":"ACTIVE","entryPoint":"onRsvpSubmitted","timeout":"60s","availableMemoryMb":256,"serviceAccountEmail":"hochzeiteduardjoanne@appspot.gserviceaccount.com","updateTime":"2025-08-28T10:23:17.337Z","versionId":"23","labels":{"deployment-tool":"cli-firebase","firebase-functions-hash":"bf9b72f66ac4adedfb72e1303dc7b936a348f23e"},"sourceUploadUrl":"https://storage.googleapis.com/uploads-6414912695.us-central1.cloudfunctions.appspot.com/8d4a8761-ecd5-43af-89fb-c7e38323951c.zip","environmentVariables":{"FIREBASE_CONFIG":"{\"projectId\":\"hochzeiteduardjoanne\",\"storageBucket\":\"hochzeiteduardjoanne.firebasestorage.app\"}","GCLOUD_PROJECT":"hochzeiteduardjoanne","EVENTARC_CLOUD_EVENT_SOURCE":"projects/hochzeiteduardjoanne/locations/us-central1/functions/onRsvpSubmitted"},"runtime":"nodejs22","maxInstances":3000,"ingressSettings":"ALLOW_ALL","buildId":"87c33925-295a-4e82-8d98-b96901b6579a","buildEnvironmentVariables":{"GOOGLE_NODE_RUN_SCRIPTS":""},"buildName":"projects/209565556740/locations/us-central1/builds/87c33925-295a-4e82-8d98-b96901b6579a","dockerRegistry":"ARTIFACT_REGISTRY","automaticUpdatePolicy":{},"buildServiceAccount":"projects/hochzeiteduardjoanne/serviceAccounts/209565556740-compute@developer.gserviceaccount.com","satisfiesPzi":true},{"name":"projects/hochzeiteduardjoanne/locations/us-central1/functions/sessionLogout","httpsTrigger":{"url":"https://us-central1-hochzeiteduardjoanne.cloudfunctions.net/sessionLogout","securityLevel":"SECURE_ALWAYS"},"status":"ACTIVE","entryPoint":"sessionLogout","timeout":"60s","availableMemoryMb":256,"serviceAccountEmail":"hochzeiteduardjoanne@appspot.gserviceaccount.com","updateTime":"2025-08-28T10:23:08.668Z","versionId":"5","labels":{"firebase-functions-hash":"bf9b72f66ac4adedfb72e1303dc7b936a348f23e","deployment-tool":"cli-firebase"},"sourceUploadUrl":"https://storage.googleapis.com/uploads-6414912695.us-central1.cloudfunctions.appspot.com/8d4a8761-ecd5-43af-89fb-c7e38323951c.zip","environmentVariables":{"FIREBASE_CONFIG":"{\"projectId\":\"hochzeiteduardjoanne\",\"storageBucket\":\"hochzeiteduardjoanne.firebasestorage.app\"}","GCLOUD_PROJECT":"hochzeiteduardjoanne","EVENTARC_CLOUD_EVENT_SOURCE":"projects/hochzeiteduardjoanne/locations/us-central1/functions/sessionLogout"},"runtime":"nodejs22","ingressSettings":"ALLOW_ALL","buildId":"87c33925-295a-4e82-8d98-b96901b6579a","buildEnvironmentVariables":{"GOOGLE_NODE_RUN_SCRIPTS":""},"buildName":"projects/209565556740/locations/us-central1/builds/87c33925-295a-4e82-8d98-b96901b6579a","dockerRegistry":"ARTIFACT_REGISTRY","automaticUpdatePolicy":{},"buildServiceAccount":"projects/hochzeiteduardjoanne/serviceAccounts/209565556740-compute@developer.gserviceaccount.com","satisfiesPzi":true},{"name":"projects/hochzeiteduardjoanne/locations/us-central1/functions/onGiftReserved","eventTrigger":{"eventType":"providers/cloud.firestore/eventTypes/document.update","resource":"projects/hochzeiteduardjoanne/databases/(default)/documents/gifts/{giftId}","service":"firestore.googleapis.com","failurePolicy":{}},"status":"ACTIVE","entryPoint":"onGiftReserved","timeout":"60s","availableMemoryMb":256,"serviceAccountEmail":"hochzeiteduardjoanne@appspot.gserviceaccount.com","updateTime":"2025-08-28T10:23:10.610Z","versionId":"25","labels":{"firebase-functions-hash":"bf9b72f66ac4adedfb72e1303dc7b936a348f23e","deployment-tool":"cli-firebase"},"sourceUploadUrl":"https://storage.googleapis.com/uploads-6414912695.us-central1.cloudfunctions.appspot.com/8d4a8761-ecd5-43af-89fb-c7e38323951c.zip","environmentVariables":{"FIREBASE_CONFIG":"{\"projectId\":\"hochzeiteduardjoanne\",\"storageBucket\":\"hochzeiteduardjoanne.firebasestorage.app\"}","GCLOUD_PROJECT":"hochzeiteduardjoanne","EVENTARC_CLOUD_EVENT_SOURCE":"projects/hochzeiteduardjoanne/locations/us-central1/functions/onGiftReserved"},"runtime":"nodejs22","maxInstances":3000,"ingressSettings":"ALLOW_ALL","buildId":"87c33925-295a-4e82-8d98-b96901b6579a","buildEnvironmentVariables":{"GOOGLE_NODE_RUN_SCRIPTS":""},"buildName":"projects/209565556740/locations/us-central1/builds/87c33925-295a-4e82-8d98-b96901b6579a","dockerRegistry":"ARTIFACT_REGISTRY","automaticUpdatePolicy":{},"buildServiceAccount":"projects/hochzeiteduardjoanne/serviceAccounts/209565556740-compute@developer.gserviceaccount.com","satisfiesPzi":true},{"name":"projects/hochzeiteduardjoanne/locations/us-central1/functions/admin","httpsTrigger":{"url":"https://us-central1-hochzeiteduardjoanne.cloudfunctions.net/admin","securityLevel":"SECURE_ALWAYS"},"status":"ACTIVE","entryPoint":"admin","timeout":"60s","availableMemoryMb":256,"serviceAccountEmail":"hochzeiteduardjoanne@appspot.gserviceaccount.com","updateTime":"2025-08-28T10:23:13.711Z","versionId":"5","labels":{"deployment-tool":"cli-firebase","firebase-functions-hash":"bf9b72f66ac4adedfb72e1303dc7b936a348f23e"},"sourceUploadUrl":"https://storage.googleapis.com/uploads-6414912695.us-central1.cloudfunctions.appspot.com/8d4a8761-ecd5-43af-89fb-c7e38323951c.zip","environmentVariables":{"FIREBASE_CONFIG":"{\"projectId\":\"hochzeiteduardjoanne\",\"storageBucket\":\"hochzeiteduardjoanne.firebasestorage.app\"}","GCLOUD_PROJECT":"hochzeiteduardjoanne","EVENTARC_CLOUD_EVENT_SOURCE":"projects/hochzeiteduardjoanne/locations/us-central1/functions/admin"},"runtime":"nodejs22","ingressSettings":"ALLOW_ALL","buildId":"87c33925-295a-4e82-8d98-b96901b6579a","buildEnvironmentVariables":{"GOOGLE_NODE_RUN_SCRIPTS":""},"buildName":"projects/209565556740/locations/us-central1/builds/87c33925-295a-4e82-8d98-b96901b6579a","dockerRegistry":"ARTIFACT_REGISTRY","automaticUpdatePolicy":{},"buildServiceAccount":"projects/hochzeiteduardjoanne/serviceAccounts/209565556740-compute@developer.gserviceaccount.com","satisfiesPzi":true},{"name":"projects/hochzeiteduardjoanne/locations/us-central1/functions/login","httpsTrigger":{"url":"https://us-central1-hochzeiteduardjoanne.cloudfunctions.net/login","securityLevel":"SECURE_ALWAYS"},"status":"ACTIVE","entryPoint":"login","timeout":"60s","availableMemoryMb":256,"serviceAccountEmail":"hochzeiteduardjoanne@appspot.gserviceaccount.com","updateTime":"2025-08-28T10:23:13.140Z","versionId":"5","labels":{"deployment-tool":"cli-firebase","firebase-functions-hash":"bf9b72f66ac4adedfb72e1303dc7b936a348f23e"},"sourceUploadUrl":"https://storage.googleapis.com/uploads-6414912695.us-central1.cloudfunctions.appspot.com/8d4a8761-ecd5-43af-89fb-c7e38323951c.zip","environmentVariables":{"FIREBASE_CONFIG":"{\"projectId\":\"hochzeiteduardjoanne\",\"storageBucket\":\"hochzeiteduardjoanne.firebasestorage.app\"}","GCLOUD_PROJECT":"hochzeiteduardjoanne","EVENTARC_CLOUD_EVENT_SOURCE":"projects/hochzeiteduardjoanne/locations/us-central1/functions/login"},"runtime":"nodejs22","ingressSettings":"ALLOW_ALL","buildId":"87c33925-295a-4e82-8d98-b96901b6579a","buildEnvironmentVariables":{"GOOGLE_NODE_RUN_SCRIPTS":""},"buildName":"projects/209565556740/locations/us-central1/builds/87c33925-295a-4e82-8d98-b96901b6579a","dockerRegistry":"ARTIFACT_REGISTRY","automaticUpdatePolicy":{},"buildServiceAccount":"projects/hochzeiteduardjoanne/serviceAccounts/209565556740-compute@developer.gserviceaccount.com","satisfiesPzi":true},{"name":"projects/hochzeiteduardjoanne/locations/us-central1/functions/sessionLogin","httpsTrigger":{"url":"https://us-central1-hochzeiteduardjoanne.cloudfunctions.net/sessionLogin","securityLevel":"SECURE_ALWAYS"},"status":"ACTIVE","entryPoint":"sessionLogin","timeout":"60s","availableMemoryMb":256,"serviceAccountEmail":"hochzeiteduardjoanne@appspot.gserviceaccount.com","updateTime":"2025-08-28T10:23:13.690Z","versionId":"5","labels":{"deployment-tool":"cli-firebase","firebase-functions-hash":"bf9b72f66ac4adedfb72e1303dc7b936a348f23e"},"sourceUploadUrl":"https://storage.googleapis.com/uploads-6414912695.us-central1.cloudfunctions.appspot.com/8d4a8761-ecd5-43af-89fb-c7e38323951c.zip","environmentVariables":{"FIREBASE_CONFIG":"{\"projectId\":\"hochzeiteduardjoanne\",\"storageBucket\":\"hochzeiteduardjoanne.firebasestorage.app\"}","GCLOUD_PROJECT":"hochzeiteduardjoanne","EVENTARC_CLOUD_EVENT_SOURCE":"projects/hochzeiteduardjoanne/locations/us-central1/functions/sessionLogin"},"runtime":"nodejs22","ingressSettings":"ALLOW_ALL","buildId":"87c33925-295a-4e82-8d98-b96901b6579a","buildEnvironmentVariables":{"GOOGLE_NODE_RUN_SCRIPTS":""},"buildName":"projects/209565556740/locations/us-central1/builds/87c33925-295a-4e82-8d98-b96901b6579a","dockerRegistry":"ARTIFACT_REGISTRY","automaticUpdatePolicy":{},"buildServiceAccount":"projects/hochzeiteduardjoanne/serviceAccounts/209565556740-compute@developer.gserviceaccount.com","satisfiesPzi":true},{"name":"projects/hochzeiteduardjoanne/locations/us-central1/functions/undoGift","httpsTrigger":{"url":"https://us-central1-hochzeiteduardjoanne.cloudfunctions.net/undoGift","securityLevel":"SECURE_ALWAYS"},"status":"ACTIVE","entryPoint":"undoGift","timeout":"60s","availableMemoryMb":256,"serviceAccountEmail":"hochzeiteduardjoanne@appspot.gserviceaccount.com","updateTime":"2025-08-28T10:23:13.313Z","versionId":"25","labels":{"deployment-tool":"cli-firebase","firebase-functions-hash":"bf9b72f66ac4adedfb72e1303dc7b936a348f23e"},"sourceUploadUrl":"https://storage.googleapis.com/uploads-6414912695.us-central1.cloudfunctions.appspot.com/8d4a8761-ecd5-43af-89fb-c7e38323951c.zip","environmentVariables":{"FIREBASE_CONFIG":"{\"projectId\":\"hochzeiteduardjoanne\",\"storageBucket\":\"hochzeiteduardjoanne.firebasestorage.app\"}","GCLOUD_PROJECT":"hochzeiteduardjoanne","EVENTARC_CLOUD_EVENT_SOURCE":"projects/hochzeiteduardjoanne/locations/us-central1/functions/undoGift"},"runtime":"nodejs22","ingressSettings":"ALLOW_ALL","buildId":"87c33925-295a-4e82-8d98-b96901b6579a","buildEnvironmentVariables":{"GOOGLE_NODE_RUN_SCRIPTS":""},"buildName":"projects/209565556740/locations/us-central1/builds/87c33925-295a-4e82-8d98-b96901b6579a","dockerRegistry":"ARTIFACT_REGISTRY","automaticUpdatePolicy":{},"buildServiceAccount":"projects/hochzeiteduardjoanne/serviceAccounts/209565556740-compute@developer.gserviceaccount.com","satisfiesPzi":true},{"name":"projects/hochzeiteduardjoanne/locations/us-central1/functions/sendContactMail","httpsTrigger":{"url":"https://us-central1-hochzeiteduardjoanne.cloudfunctions.net/sendContactMail","securityLevel":"SECURE_ALWAYS"},"status":"ACTIVE","entryPoint":"sendContactMail","timeout":"60s","availableMemoryMb":256,"serviceAccountEmail":"hochzeiteduardjoanne@appspot.gserviceaccount.com","updateTime":"2025-08-28T10:23:09.011Z","versionId":"5","labels":{"deployment-tool":"cli-firebase","firebase-functions-hash":"bf9b72f66ac4adedfb72e1303dc7b936a348f23e"},"sourceUploadUrl":"https://storage.googleapis.com/uploads-6414912695.us-central1.cloudfunctions.appspot.com/8d4a8761-ecd5-43af-89fb-c7e38323951c.zip","environmentVariables":{"FIREBASE_CONFIG":"{\"projectId\":\"hochzeiteduardjoanne\",\"storageBucket\":\"hochzeiteduardjoanne.firebasestorage.app\"}","GCLOUD_PROJECT":"hochzeiteduardjoanne","EVENTARC_CLOUD_EVENT_SOURCE":"projects/hochzeiteduardjoanne/locations/us-central1/functions/sendContactMail"},"runtime":"nodejs22","ingressSettings":"ALLOW_ALL","buildId":"87c33925-295a-4e82-8d98-b96901b6579a","buildEnvironmentVariables":{"GOOGLE_NODE_RUN_SCRIPTS":""},"buildName":"projects/209565556740/locations/us-central1/builds/87c33925-295a-4e82-8d98-b96901b6579a","dockerRegistry":"ARTIFACT_REGISTRY","automaticUpdatePolicy":{},"buildServiceAccount":"projects/hochzeiteduardjoanne/serviceAccounts/209565556740-compute@developer.gserviceaccount.com","satisfiesPzi":true},{"name":"projects/hochzeiteduardjoanne/locations/us-central1/functions/onRsvpUpdated","eventTrigger":{"eventType":"providers/cloud.firestore/eventTypes/document.update","resource":"projects/hochzeiteduardjoanne/databases/(default)/documents/rsvps/{rsvpId}","service":"firestore.googleapis.com","failurePolicy":{}},"status":"ACTIVE","entryPoint":"onRsvpUpdated","timeout":"60s","availableMemoryMb":256,"serviceAccountEmail":"hochzeiteduardjoanne@appspot.gserviceaccount.com","updateTime":"2025-08-28T10:23:13.064Z","versionId":"16","labels":{"deployment-tool":"cli-firebase","firebase-functions-hash":"bf9b72f66ac4adedfb72e1303dc7b936a348f23e"},"sourceUploadUrl":"https://storage.googleapis.com/uploads-6414912695.us-central1.cloudfunctions.appspot.com/8d4a8761-ecd5-43af-89fb-c7e38323951c.zip","environmentVariables":{"FIREBASE_CONFIG":"{\"projectId\":\"hochzeiteduardjoanne\",\"storageBucket\":\"hochzeiteduardjoanne.firebasestorage.app\"}","GCLOUD_PROJECT":"hochzeiteduardjoanne","EVENTARC_CLOUD_EVENT_SOURCE":"projects/hochzeiteduardjoanne/locations/us-central1/functions/onRsvpUpdated"},"runtime":"nodejs22","maxInstances":3000,"ingressSettings":"ALLOW_ALL","buildId":"87c33925-295a-4e82-8d98-b96901b6579a","buildEnvironmentVariables":{"GOOGLE_NODE_RUN_SCRIPTS":""},"buildName":"projects/209565556740/locations/us-central1/builds/87c33925-295a-4e82-8d98-b96901b6579a","dockerRegistry":"ARTIFACT_REGISTRY","automaticUpdatePolicy":{},"buildServiceAccount":"projects/hochzeiteduardjoanne/serviceAccounts/209565556740-compute@developer.gserviceaccount.com","satisfiesPzi":true}]}
[debug] [2025-08-28T10:40:59.806Z] Checked if tokens are valid: true, expires at: 1756379533430
[debug] [2025-08-28T10:40:59.807Z] Checked if tokens are valid: true, expires at: 1756379533430
[debug] [2025-08-28T10:40:59.807Z] >>> [apiv2][query] GET https://cloudfunctions.googleapis.com/v2/projects/hochzeiteduardjoanne/locations/-/functions filter=environment%3D%22GEN_2%22
[debug] [2025-08-28T10:41:00.865Z] <<< [apiv2][status] GET https://cloudfunctions.googleapis.com/v2/projects/hochzeiteduardjoanne/locations/-/functions 200
[debug] [2025-08-28T10:41:00.866Z] <<< [apiv2][body] GET https://cloudfunctions.googleapis.com/v2/projects/hochzeiteduardjoanne/locations/-/functions {}
[debug] [2025-08-28T10:41:00.876Z] Checked if tokens are valid: true, expires at: 1756379533430
[debug] [2025-08-28T10:41:00.876Z] Checked if tokens are valid: true, expires at: 1756379533430
[debug] [2025-08-28T10:41:00.876Z] >>> [apiv2][query] GET https://cloudresourcemanager.googleapis.com/v1/projects/hochzeiteduardjoanne [none]
[debug] [2025-08-28T10:41:01.078Z] <<< [apiv2][status] GET https://cloudresourcemanager.googleapis.com/v1/projects/hochzeiteduardjoanne 200
[debug] [2025-08-28T10:41:01.078Z] <<< [apiv2][body] GET https://cloudresourcemanager.googleapis.com/v1/projects/hochzeiteduardjoanne {"projectNumber":"209565556740","projectId":"hochzeiteduardjoanne","lifecycleState":"ACTIVE","name":"HochzeitEduardJoanne","labels":{"firebase":"enabled","firebase-core":"disabled"},"createTime":"2025-04-19T11:37:41.941465Z"}
[debug] [2025-08-28T10:41:01.083Z] Checked if tokens are valid: true, expires at: 1756379533430
[debug] [2025-08-28T10:41:01.084Z] Checked if tokens are valid: true, expires at: 1756379533430
[debug] [2025-08-28T10:41:01.084Z] >>> [apiv2][query] GET https://cloudbilling.googleapis.com/v1/projects/hochzeiteduardjoanne/billingInfo [none]
[debug] [2025-08-28T10:41:01.867Z] <<< [apiv2][status] GET https://cloudbilling.googleapis.com/v1/projects/hochzeiteduardjoanne/billingInfo 200
[debug] [2025-08-28T10:41:01.867Z] <<< [apiv2][body] GET https://cloudbilling.googleapis.com/v1/projects/hochzeiteduardjoanne/billingInfo {"name":"projects/hochzeiteduardjoanne/billingInfo","projectId":"hochzeiteduardjoanne","billingAccountName":"billingAccounts/015873-7E6AC2-3CDAF5","billingEnabled":true}
[debug] [2025-08-28T10:41:01.871Z] Checked if tokens are valid: true, expires at: 1756379533430
[debug] [2025-08-28T10:41:01.871Z] Checked if tokens are valid: true, expires at: 1756379533430
[debug] [2025-08-28T10:41:01.871Z] >>> [apiv2][query] POST https://cloudfunctions.googleapis.com/v1/projects/hochzeiteduardjoanne/locations/us-central1/functions:generateUploadUrl [none]
[debug] [2025-08-28T10:41:01.872Z] >>> [apiv2][body] POST https://cloudfunctions.googleapis.com/v1/projects/hochzeiteduardjoanne/locations/us-central1/functions:generateUploadUrl {}
[debug] [2025-08-28T10:41:02.522Z] <<< [apiv2][status] POST https://cloudfunctions.googleapis.com/v1/projects/hochzeiteduardjoanne/locations/us-central1/functions:generateUploadUrl 200
[debug] [2025-08-28T10:41:02.522Z] <<< [apiv2][body] POST https://cloudfunctions.googleapis.com/v1/projects/hochzeiteduardjoanne/locations/us-central1/functions:generateUploadUrl {"uploadUrl":"https://storage.googleapis.com/uploads-6414912695.us-central1.cloudfunctions.appspot.com/80eea1a8-608c-4710-b592-c3f29df10691.zip?GoogleAccessId=service-209565556740@gcf-admin-robot.iam.gserviceaccount.com&Expires=1756379462&Signature=B62PD7BBuup1W2QFP1xcrwPPXob86P3sq6VoKJt%2BDuSyRRG%2BvSJ3%2BNhorKPQpGI0bHM4wCawgp%2Bxd5%2FcpMjZFm6ATOJjlko4nXLQWgNrcTt9QxEOwBoFCTmPEw3orNgl4IMyMSzVPk0ArgGYaDxhQowUbxZQYOM0sc8lEaw230mLtrVinwS%2BagdCnFi0yx3uDMZShX0%2FPsXeMvFCHt0yPSCAOB2UN3HfW8pvTV4C1rS4t4abv0xmpagwTteKGb4asTNlS%2B3gyDznf%2Bl%2BVcgBbPRUzLTxdSC1hj7DQ7htp2nUSqDutLRiiTYAXZ3M1266FUXsI5njc2Pnsgwhc5KBjw%3D%3D"}
[debug] [2025-08-28T10:41:02.524Z] >>> [apiv2][query] PUT https://storage.googleapis.com/uploads-6414912695.us-central1.cloudfunctions.appspot.com/80eea1a8-608c-4710-b592-c3f29df10691.zip GoogleAccessId=service-209565556740%40gcf-admin-robot.iam.gserviceaccount.com&Expires=1756379462&Signature=B62PD7BBuup1W2QFP1xcrwPPXob86P3sq6VoKJt%2BDuSyRRG%2BvSJ3%2BNhorKPQpGI0bHM4wCawgp%2Bxd5%2FcpMjZFm6ATOJjlko4nXLQWgNrcTt9QxEOwBoFCTmPEw3orNgl4IMyMSzVPk0ArgGYaDxhQowUbxZQYOM0sc8lEaw230mLtrVinwS%2BagdCnFi0yx3uDMZShX0%2FPsXeMvFCHt0yPSCAOB2UN3HfW8pvTV4C1rS4t4abv0xmpagwTteKGb4asTNlS%2B3gyDznf%2Bl%2BVcgBbPRUzLTxdSC1hj7DQ7htp2nUSqDutLRiiTYAXZ3M1266FUXsI5njc2Pnsgwhc5KBjw%3D%3D
[debug] [2025-08-28T10:41:02.524Z] >>> [apiv2][body] PUT https://storage.googleapis.com/uploads-6414912695.us-central1.cloudfunctions.appspot.com/80eea1a8-608c-4710-b592-c3f29df10691.zip [stream]
[debug] [2025-08-28T10:41:03.155Z] <<< [apiv2][status] PUT https://storage.googleapis.com/uploads-6414912695.us-central1.cloudfunctions.appspot.com/80eea1a8-608c-4710-b592-c3f29df10691.zip 200
[debug] [2025-08-28T10:41:03.156Z] <<< [apiv2][body] PUT https://storage.googleapis.com/uploads-6414912695.us-central1.cloudfunctions.appspot.com/80eea1a8-608c-4710-b592-c3f29df10691.zip [omitted]
[info] ✔  functions: functions folder uploaded successfully 
[info] i  functions: updating Node.js 22 (1st Gen) function onGiftReserved(us-central1)... 
[info] i  functions: updating Node.js 22 (1st Gen) function onRsvpSubmitted(us-central1)... 
[info] i  functions: updating Node.js 22 (1st Gen) function onRsvpUpdated(us-central1)... 
[info] i  functions: updating Node.js 22 (1st Gen) function undoGift(us-central1)... 
[info] i  functions: updating Node.js 22 (1st Gen) function login(us-central1)... 
[info] i  functions: updating Node.js 22 (1st Gen) function sessionLogin(us-central1)... 
[info] i  functions: updating Node.js 22 (1st Gen) function sessionLogout(us-central1)... 
[info] i  functions: updating Node.js 22 (1st Gen) function admin(us-central1)... 
[info] i  functions: updating Node.js 22 (1st Gen) function sendContactMail(us-central1)... 
[debug] [2025-08-28T10:41:03.165Z] Checked if tokens are valid: true, expires at: 1756379533430
[debug] [2025-08-28T10:41:03.165Z] Checked if tokens are valid: true, expires at: 1756379533430
[debug] [2025-08-28T10:41:03.165Z] >>> [apiv2][query] PATCH https://cloudfunctions.googleapis.com/v1/projects/hochzeiteduardjoanne/locations/us-central1/functions/onGiftReserved updateMask=name%2CsourceUploadUrl%2CentryPoint%2Cruntime%2CdockerRegistry%2Clabels%2CeventTrigger.eventType%2CeventTrigger.resource%2CeventTrigger.failurePolicy%2CminInstances%2CmaxInstances%2CingressSettings%2CenvironmentVariables%2CserviceAccountEmail%2CavailableMemoryMb%2Ctimeout%2CvpcConnector%2CvpcConnectorEgressSettings%2CsourceToken%2CbuildEnvironmentVariables
[debug] [2025-08-28T10:41:03.166Z] >>> [apiv2][body] PATCH https://cloudfunctions.googleapis.com/v1/projects/hochzeiteduardjoanne/locations/us-central1/functions/onGiftReserved {"name":"projects/hochzeiteduardjoanne/locations/us-central1/functions/onGiftReserved","sourceUploadUrl":"https://storage.googleapis.com/uploads-6414912695.us-central1.cloudfunctions.appspot.com/80eea1a8-608c-4710-b592-c3f29df10691.zip?GoogleAccessId=service-209565556740@gcf-admin-robot.iam.gserviceaccount.com&Expires=1756379462&Signature=B62PD7BBuup1W2QFP1xcrwPPXob86P3sq6VoKJt%2BDuSyRRG%2BvSJ3%2BNhorKPQpGI0bHM4wCawgp%2Bxd5%2FcpMjZFm6ATOJjlko4nXLQWgNrcTt9QxEOwBoFCTmPEw3orNgl4IMyMSzVPk0ArgGYaDxhQowUbxZQYOM0sc8lEaw230mLtrVinwS%2BagdCnFi0yx3uDMZShX0%2FPsXeMvFCHt0yPSCAOB2UN3HfW8pvTV4C1rS4t4abv0xmpagwTteKGb4asTNlS%2B3gyDznf%2Bl%2BVcgBbPRUzLTxdSC1hj7DQ7htp2nUSqDutLRiiTYAXZ3M1266FUXsI5njc2Pnsgwhc5KBjw%3D%3D","entryPoint":"onGiftReserved","runtime":"nodejs22","dockerRegistry":"ARTIFACT_REGISTRY","labels":{"deployment-tool":"cli-firebase","firebase-functions-hash":"78496f89ec4eef54c773602d61392debceb8a74d"},"eventTrigger":{"eventType":"providers/cloud.firestore/eventTypes/document.update","resource":"projects/hochzeiteduardjoanne/databases/(default)/documents/gifts/{giftId}"},"minInstances":null,"maxInstances":null,"ingressSettings":null,"environmentVariables":{"FIREBASE_CONFIG":"{\"projectId\":\"hochzeiteduardjoanne\",\"storageBucket\":\"hochzeiteduardjoanne.firebasestorage.app\"}","GCLOUD_PROJECT":"hochzeiteduardjoanne","EVENTARC_CLOUD_EVENT_SOURCE":"projects/hochzeiteduardjoanne/locations/us-central1/functions/onGiftReserved"},"serviceAccountEmail":null,"availableMemoryMb":null,"timeout":null,"vpcConnector":null,"vpcConnectorEgressSettings":null,"buildEnvironmentVariables":{"GOOGLE_NODE_RUN_SCRIPTS":""}}
[debug] [2025-08-28T10:41:03.692Z] <<< [apiv2][status] PATCH https://cloudfunctions.googleapis.com/v1/projects/hochzeiteduardjoanne/locations/us-central1/functions/onGiftReserved 200
[debug] [2025-08-28T10:41:03.692Z] <<< [apiv2][body] PATCH https://cloudfunctions.googleapis.com/v1/projects/hochzeiteduardjoanne/locations/us-central1/functions/onGiftReserved {"name":"operations/aG9jaHplaXRlZHVhcmRqb2FubmUvdXMtY2VudHJhbDEvb25HaWZ0UmVzZXJ2ZWQvbmh6RWhhLVJxMWs","metadata":{"@type":"type.googleapis.com/google.cloud.functions.v1.OperationMetadataV1","target":"projects/hochzeiteduardjoanne/locations/us-central1/functions/onGiftReserved","type":"UPDATE_FUNCTION","request":{"@type":"type.googleapis.com/google.cloud.functions.v1.CloudFunction","name":"projects/hochzeiteduardjoanne/locations/us-central1/functions/onGiftReserved","eventTrigger":{"eventType":"providers/cloud.firestore/eventTypes/document.update","resource":"projects/hochzeiteduardjoanne/databases/(default)/documents/gifts/{giftId}","service":"firestore.googleapis.com"},"status":"ACTIVE","entryPoint":"onGiftReserved","updateTime":"2025-08-28T10:23:10.610Z","versionId":"25","labels":{"deployment-tool":"cli-firebase","firebase-functions-hash":"78496f89ec4eef54c773602d61392debceb8a74d"},"sourceUploadUrl":"https://storage.googleapis.com/uploads-6414912695.us-central1.cloudfunctions.appspot.com/80eea1a8-608c-4710-b592-c3f29df10691.zip?GoogleAccessId=service-209565556740@gcf-admin-robot.iam.gserviceaccount.com&Expires=1756379462&Signature=B62PD7BBuup1W2QFP1xcrwPPXob86P3sq6VoKJt%2BDuSyRRG%2BvSJ3%2BNhorKPQpGI0bHM4wCawgp%2Bxd5%2FcpMjZFm6ATOJjlko4nXLQWgNrcTt9QxEOwBoFCTmPEw3orNgl4IMyMSzVPk0ArgGYaDxhQowUbxZQYOM0sc8lEaw230mLtrVinwS%2BagdCnFi0yx3uDMZShX0%2FPsXeMvFCHt0yPSCAOB2UN3HfW8pvTV4C1rS4t4abv0xmpagwTteKGb4asTNlS%2B3gyDznf%2Bl%2BVcgBbPRUzLTxdSC1hj7DQ7htp2nUSqDutLRiiTYAXZ3M1266FUXsI5njc2Pnsgwhc5KBjw%3D%3D","environmentVariables":{"FIREBASE_CONFIG":"{\"projectId\":\"hochzeiteduardjoanne\",\"storageBucket\":\"hochzeiteduardjoanne.firebasestorage.app\"}","GCLOUD_PROJECT":"hochzeiteduardjoanne","EVENTARC_CLOUD_EVENT_SOURCE":"projects/hochzeiteduardjoanne/locations/us-central1/functions/onGiftReserved"},"runtime":"nodejs22","buildId":"87c33925-295a-4e82-8d98-b96901b6579a","buildEnvironmentVariables":{"GOOGLE_NODE_RUN_SCRIPTS":""},"buildName":"projects/209565556740/locations/us-central1/builds/87c33925-295a-4e82-8d98-b96901b6579a","dockerRegistry":"ARTIFACT_REGISTRY","automaticUpdatePolicy":{},"buildServiceAccount":"projects/hochzeiteduardjoanne/serviceAccounts/209565556740-compute@developer.gserviceaccount.com"},"versionId":"26","updateTime":"2025-08-28T10:41:03Z"}}
[debug] [2025-08-28T10:41:03.692Z] Checked if tokens are valid: true, expires at: 1756379533430
[debug] [2025-08-28T10:41:03.693Z] Checked if tokens are valid: true, expires at: 1756379533430
[debug] [2025-08-28T10:41:03.693Z] >>> [apiv2][query] GET https://cloudfunctions.googleapis.com/v1/operations/aG9jaHplaXRlZHVhcmRqb2FubmUvdXMtY2VudHJhbDEvb25HaWZ0UmVzZXJ2ZWQvbmh6RWhhLVJxMWs [none]
[debug] [2025-08-28T10:41:03.956Z] <<< [apiv2][status] GET https://cloudfunctions.googleapis.com/v1/operations/aG9jaHplaXRlZHVhcmRqb2FubmUvdXMtY2VudHJhbDEvb25HaWZ0UmVzZXJ2ZWQvbmh6RWhhLVJxMWs 200
[debug] [2025-08-28T10:41:03.956Z] <<< [apiv2][body] GET https://cloudfunctions.googleapis.com/v1/operations/aG9jaHplaXRlZHVhcmRqb2FubmUvdXMtY2VudHJhbDEvb25HaWZ0UmVzZXJ2ZWQvbmh6RWhhLVJxMWs {"name":"operations/aG9jaHplaXRlZHVhcmRqb2FubmUvdXMtY2VudHJhbDEvb25HaWZ0UmVzZXJ2ZWQvbmh6RWhhLVJxMWs","metadata":{"@type":"type.googleapis.com/google.cloud.functions.v1.OperationMetadataV1","target":"projects/hochzeiteduardjoanne/locations/us-central1/functions/onGiftReserved","type":"UPDATE_FUNCTION","request":{"@type":"type.googleapis.com/google.cloud.functions.v1.CloudFunction","name":"projects/hochzeiteduardjoanne/locations/us-central1/functions/onGiftReserved","eventTrigger":{"eventType":"providers/cloud.firestore/eventTypes/document.update","resource":"projects/hochzeiteduardjoanne/databases/(default)/documents/gifts/{giftId}","service":"firestore.googleapis.com"},"status":"ACTIVE","entryPoint":"onGiftReserved","updateTime":"2025-08-28T10:23:10.610Z","versionId":"25","labels":{"deployment-tool":"cli-firebase","firebase-functions-hash":"78496f89ec4eef54c773602d61392debceb8a74d"},"sourceUploadUrl":"https://storage.googleapis.com/uploads-6414912695.us-central1.cloudfunctions.appspot.com/80eea1a8-608c-4710-b592-c3f29df10691.zip?GoogleAccessId=service-209565556740@gcf-admin-robot.iam.gserviceaccount.com&Expires=1756379462&Signature=B62PD7BBuup1W2QFP1xcrwPPXob86P3sq6VoKJt%2BDuSyRRG%2BvSJ3%2BNhorKPQpGI0bHM4wCawgp%2Bxd5%2FcpMjZFm6ATOJjlko4nXLQWgNrcTt9QxEOwBoFCTmPEw3orNgl4IMyMSzVPk0ArgGYaDxhQowUbxZQYOM0sc8lEaw230mLtrVinwS%2BagdCnFi0yx3uDMZShX0%2FPsXeMvFCHt0yPSCAOB2UN3HfW8pvTV4C1rS4t4abv0xmpagwTteKGb4asTNlS%2B3gyDznf%2Bl%2BVcgBbPRUzLTxdSC1hj7DQ7htp2nUSqDutLRiiTYAXZ3M1266FUXsI5njc2Pnsgwhc5KBjw%3D%3D","environmentVariables":{"FIREBASE_CONFIG":"{\"projectId\":\"hochzeiteduardjoanne\",\"storageBucket\":\"hochzeiteduardjoanne.firebasestorage.app\"}","GCLOUD_PROJECT":"hochzeiteduardjoanne","EVENTARC_CLOUD_EVENT_SOURCE":"projects/hochzeiteduardjoanne/locations/us-central1/functions/onGiftReserved"},"runtime":"nodejs22","buildId":"87c33925-295a-4e82-8d98-b96901b6579a","buildEnvironmentVariables":{"GOOGLE_NODE_RUN_SCRIPTS":""},"buildName":"projects/209565556740/locations/us-central1/builds/87c33925-295a-4e82-8d98-b96901b6579a","dockerRegistry":"ARTIFACT_REGISTRY","automaticUpdatePolicy":{},"buildServiceAccount":"projects/hochzeiteduardjoanne/serviceAccounts/209565556740-compute@developer.gserviceaccount.com"},"versionId":"26","updateTime":"2025-08-28T10:41:03Z"}}
[debug] [2025-08-28T10:41:04.458Z] [update-default-us-central1-onGiftReserved] Retrying task index 0
[debug] [2025-08-28T10:41:04.458Z] Checked if tokens are valid: true, expires at: 1756379533430
[debug] [2025-08-28T10:41:04.458Z] Checked if tokens are valid: true, expires at: 1756379533430
[debug] [2025-08-28T10:41:04.458Z] >>> [apiv2][query] GET https://cloudfunctions.googleapis.com/v1/operations/aG9jaHplaXRlZHVhcmRqb2FubmUvdXMtY2VudHJhbDEvb25HaWZ0UmVzZXJ2ZWQvbmh6RWhhLVJxMWs [none]
[debug] [2025-08-28T10:41:04.641Z] <<< [apiv2][status] GET https://cloudfunctions.googleapis.com/v1/operations/aG9jaHplaXRlZHVhcmRqb2FubmUvdXMtY2VudHJhbDEvb25HaWZ0UmVzZXJ2ZWQvbmh6RWhhLVJxMWs 200
[debug] [2025-08-28T10:41:04.641Z] <<< [apiv2][body] GET https://cloudfunctions.googleapis.com/v1/operations/aG9jaHplaXRlZHVhcmRqb2FubmUvdXMtY2VudHJhbDEvb25HaWZ0UmVzZXJ2ZWQvbmh6RWhhLVJxMWs {"name":"operations/aG9jaHplaXRlZHVhcmRqb2FubmUvdXMtY2VudHJhbDEvb25HaWZ0UmVzZXJ2ZWQvbmh6RWhhLVJxMWs","metadata":{"@type":"type.googleapis.com/google.cloud.functions.v1.OperationMetadataV1","target":"projects/hochzeiteduardjoanne/locations/us-central1/functions/onGiftReserved","type":"UPDATE_FUNCTION","request":{"@type":"type.googleapis.com/google.cloud.functions.v1.CloudFunction","name":"projects/hochzeiteduardjoanne/locations/us-central1/functions/onGiftReserved","eventTrigger":{"eventType":"providers/cloud.firestore/eventTypes/document.update","resource":"projects/hochzeiteduardjoanne/databases/(default)/documents/gifts/{giftId}","service":"firestore.googleapis.com"},"status":"ACTIVE","entryPoint":"onGiftReserved","updateTime":"2025-08-28T10:23:10.610Z","versionId":"25","labels":{"deployment-tool":"cli-firebase","firebase-functions-hash":"78496f89ec4eef54c773602d61392debceb8a74d"},"sourceUploadUrl":"https://storage.googleapis.com/uploads-6414912695.us-central1.cloudfunctions.appspot.com/80eea1a8-608c-4710-b592-c3f29df10691.zip?GoogleAccessId=service-209565556740@gcf-admin-robot.iam.gserviceaccount.com&Expires=1756379462&Signature=B62PD7BBuup1W2QFP1xcrwPPXob86P3sq6VoKJt%2BDuSyRRG%2BvSJ3%2BNhorKPQpGI0bHM4wCawgp%2Bxd5%2FcpMjZFm6ATOJjlko4nXLQWgNrcTt9QxEOwBoFCTmPEw3orNgl4IMyMSzVPk0ArgGYaDxhQowUbxZQYOM0sc8lEaw230mLtrVinwS%2BagdCnFi0yx3uDMZShX0%2FPsXeMvFCHt0yPSCAOB2UN3HfW8pvTV4C1rS4t4abv0xmpagwTteKGb4asTNlS%2B3gyDznf%2Bl%2BVcgBbPRUzLTxdSC1hj7DQ7htp2nUSqDutLRiiTYAXZ3M1266FUXsI5njc2Pnsgwhc5KBjw%3D%3D","environmentVariables":{"FIREBASE_CONFIG":"{\"projectId\":\"hochzeiteduardjoanne\",\"storageBucket\":\"hochzeiteduardjoanne.firebasestorage.app\"}","GCLOUD_PROJECT":"hochzeiteduardjoanne","EVENTARC_CLOUD_EVENT_SOURCE":"projects/hochzeiteduardjoanne/locations/us-central1/functions/onGiftReserved"},"runtime":"nodejs22","buildId":"87c33925-295a-4e82-8d98-b96901b6579a","buildEnvironmentVariables":{"GOOGLE_NODE_RUN_SCRIPTS":""},"buildName":"projects/209565556740/locations/us-central1/builds/87c33925-295a-4e82-8d98-b96901b6579a","dockerRegistry":"ARTIFACT_REGISTRY","automaticUpdatePolicy":{},"buildServiceAccount":"projects/hochzeiteduardjoanne/serviceAccounts/209565556740-compute@developer.gserviceaccount.com"},"versionId":"26","updateTime":"2025-08-28T10:41:03Z","buildId":"9c1bd2d5-e5fe-44c6-b970-070a9f99b4a5","buildName":"projects/209565556740/locations/us-central1/builds/9c1bd2d5-e5fe-44c6-b970-070a9f99b4a5"}}
[debug] [2025-08-28T10:41:05.643Z] [update-default-us-central1-onGiftReserved] Retrying task index 0
[debug] [2025-08-28T10:41:05.643Z] Checked if tokens are valid: true, expires at: 1756379533430
[debug] [2025-08-28T10:41:05.643Z] Checked if tokens are valid: true, expires at: 1756379533430
[debug] [2025-08-28T10:41:05.644Z] >>> [apiv2][query] GET https://cloudfunctions.googleapis.com/v1/operations/aG9jaHplaXRlZHVhcmRqb2FubmUvdXMtY2VudHJhbDEvb25HaWZ0UmVzZXJ2ZWQvbmh6RWhhLVJxMWs [none]
[debug] [2025-08-28T10:41:05.825Z] <<< [apiv2][status] GET https://cloudfunctions.googleapis.com/v1/operations/aG9jaHplaXRlZHVhcmRqb2FubmUvdXMtY2VudHJhbDEvb25HaWZ0UmVzZXJ2ZWQvbmh6RWhhLVJxMWs 200
[debug] [2025-08-28T10:41:05.826Z] <<< [apiv2][body] GET https://cloudfunctions.googleapis.com/v1/operations/aG9jaHplaXRlZHVhcmRqb2FubmUvdXMtY2VudHJhbDEvb25HaWZ0UmVzZXJ2ZWQvbmh6RWhhLVJxMWs {"name":"operations/aG9jaHplaXRlZHVhcmRqb2FubmUvdXMtY2VudHJhbDEvb25HaWZ0UmVzZXJ2ZWQvbmh6RWhhLVJxMWs","metadata":{"@type":"type.googleapis.com/google.cloud.functions.v1.OperationMetadataV1","target":"projects/hochzeiteduardjoanne/locations/us-central1/functions/onGiftReserved","type":"UPDATE_FUNCTION","request":{"@type":"type.googleapis.com/google.cloud.functions.v1.CloudFunction","name":"projects/hochzeiteduardjoanne/locations/us-central1/functions/onGiftReserved","eventTrigger":{"eventType":"providers/cloud.firestore/eventTypes/document.update","resource":"projects/hochzeiteduardjoanne/databases/(default)/documents/gifts/{giftId}","service":"firestore.googleapis.com"},"status":"ACTIVE","entryPoint":"onGiftReserved","updateTime":"2025-08-28T10:23:10.610Z","versionId":"25","labels":{"deployment-tool":"cli-firebase","firebase-functions-hash":"78496f89ec4eef54c773602d61392debceb8a74d"},"sourceUploadUrl":"https://storage.googleapis.com/uploads-6414912695.us-central1.cloudfunctions.appspot.com/80eea1a8-608c-4710-b592-c3f29df10691.zip?GoogleAccessId=service-209565556740@gcf-admin-robot.iam.gserviceaccount.com&Expires=1756379462&Signature=B62PD7BBuup1W2QFP1xcrwPPXob86P3sq6VoKJt%2BDuSyRRG%2BvSJ3%2BNhorKPQpGI0bHM4wCawgp%2Bxd5%2FcpMjZFm6ATOJjlko4nXLQWgNrcTt9QxEOwBoFCTmPEw3orNgl4IMyMSzVPk0ArgGYaDxhQowUbxZQYOM0sc8lEaw230mLtrVinwS%2BagdCnFi0yx3uDMZShX0%2FPsXeMvFCHt0yPSCAOB2UN3HfW8pvTV4C1rS4t4abv0xmpagwTteKGb4asTNlS%2B3gyDznf%2Bl%2BVcgBbPRUzLTxdSC1hj7DQ7htp2nUSqDutLRiiTYAXZ3M1266FUXsI5njc2Pnsgwhc5KBjw%3D%3D","environmentVariables":{"FIREBASE_CONFIG":"{\"projectId\":\"hochzeiteduardjoanne\",\"storageBucket\":\"hochzeiteduardjoanne.firebasestorage.app\"}","GCLOUD_PROJECT":"hochzeiteduardjoanne","EVENTARC_CLOUD_EVENT_SOURCE":"projects/hochzeiteduardjoanne/locations/us-central1/functions/onGiftReserved"},"runtime":"nodejs22","buildId":"87c33925-295a-4e82-8d98-b96901b6579a","buildEnvironmentVariables":{"GOOGLE_NODE_RUN_SCRIPTS":""},"buildName":"projects/209565556740/locations/us-central1/builds/87c33925-295a-4e82-8d98-b96901b6579a","dockerRegistry":"ARTIFACT_REGISTRY","automaticUpdatePolicy":{},"buildServiceAccount":"projects/hochzeiteduardjoanne/serviceAccounts/209565556740-compute@developer.gserviceaccount.com"},"versionId":"26","updateTime":"2025-08-28T10:41:03Z","buildId":"9c1bd2d5-e5fe-44c6-b970-070a9f99b4a5","buildName":"projects/209565556740/locations/us-central1/builds/9c1bd2d5-e5fe-44c6-b970-070a9f99b4a5"}}
[debug] [2025-08-28T10:41:07.828Z] [update-default-us-central1-onGiftReserved] Retrying task index 0
[debug] [2025-08-28T10:41:07.829Z] Checked if tokens are valid: true, expires at: 1756379533430
[debug] [2025-08-28T10:41:07.829Z] Checked if tokens are valid: true, expires at: 1756379533430
[debug] [2025-08-28T10:41:07.829Z] >>> [apiv2][query] GET https://cloudfunctions.googleapis.com/v1/operations/aG9jaHplaXRlZHVhcmRqb2FubmUvdXMtY2VudHJhbDEvb25HaWZ0UmVzZXJ2ZWQvbmh6RWhhLVJxMWs [none]
[debug] [2025-08-28T10:41:08.056Z] <<< [apiv2][status] GET https://cloudfunctions.googleapis.com/v1/operations/aG9jaHplaXRlZHVhcmRqb2FubmUvdXMtY2VudHJhbDEvb25HaWZ0UmVzZXJ2ZWQvbmh6RWhhLVJxMWs 200
[debug] [2025-08-28T10:41:08.056Z] <<< [apiv2][body] GET https://cloudfunctions.googleapis.com/v1/operations/aG9jaHplaXRlZHVhcmRqb2FubmUvdXMtY2VudHJhbDEvb25HaWZ0UmVzZXJ2ZWQvbmh6RWhhLVJxMWs {"name":"operations/aG9jaHplaXRlZHVhcmRqb2FubmUvdXMtY2VudHJhbDEvb25HaWZ0UmVzZXJ2ZWQvbmh6RWhhLVJxMWs","metadata":{"@type":"type.googleapis.com/google.cloud.functions.v1.OperationMetadataV1","target":"projects/hochzeiteduardjoanne/locations/us-central1/functions/onGiftReserved","type":"UPDATE_FUNCTION","request":{"@type":"type.googleapis.com/google.cloud.functions.v1.CloudFunction","name":"projects/hochzeiteduardjoanne/locations/us-central1/functions/onGiftReserved","eventTrigger":{"eventType":"providers/cloud.firestore/eventTypes/document.update","resource":"projects/hochzeiteduardjoanne/databases/(default)/documents/gifts/{giftId}","service":"firestore.googleapis.com"},"status":"ACTIVE","entryPoint":"onGiftReserved","updateTime":"2025-08-28T10:23:10.610Z","versionId":"25","labels":{"deployment-tool":"cli-firebase","firebase-functions-hash":"78496f89ec4eef54c773602d61392debceb8a74d"},"sourceUploadUrl":"https://storage.googleapis.com/uploads-6414912695.us-central1.cloudfunctions.appspot.com/80eea1a8-608c-4710-b592-c3f29df10691.zip?GoogleAccessId=service-209565556740@gcf-admin-robot.iam.gserviceaccount.com&Expires=1756379462&Signature=B62PD7BBuup1W2QFP1xcrwPPXob86P3sq6VoKJt%2BDuSyRRG%2BvSJ3%2BNhorKPQpGI0bHM4wCawgp%2Bxd5%2FcpMjZFm6ATOJjlko4nXLQWgNrcTt9QxEOwBoFCTmPEw3orNgl4IMyMSzVPk0ArgGYaDxhQowUbxZQYOM0sc8lEaw230mLtrVinwS%2BagdCnFi0yx3uDMZShX0%2FPsXeMvFCHt0yPSCAOB2UN3HfW8pvTV4C1rS4t4abv0xmpagwTteKGb4asTNlS%2B3gyDznf%2Bl%2BVcgBbPRUzLTxdSC1hj7DQ7htp2nUSqDutLRiiTYAXZ3M1266FUXsI5njc2Pnsgwhc5KBjw%3D%3D","environmentVariables":{"FIREBASE_CONFIG":"{\"projectId\":\"hochzeiteduardjoanne\",\"storageBucket\":\"hochzeiteduardjoanne.firebasestorage.app\"}","GCLOUD_PROJECT":"hochzeiteduardjoanne","EVENTARC_CLOUD_EVENT_SOURCE":"projects/hochzeiteduardjoanne/locations/us-central1/functions/onGiftReserved"},"runtime":"nodejs22","buildId":"87c33925-295a-4e82-8d98-b96901b6579a","buildEnvironmentVariables":{"GOOGLE_NODE_RUN_SCRIPTS":""},"buildName":"projects/209565556740/locations/us-central1/builds/87c33925-295a-4e82-8d98-b96901b6579a","dockerRegistry":"ARTIFACT_REGISTRY","automaticUpdatePolicy":{},"buildServiceAccount":"projects/hochzeiteduardjoanne/serviceAccounts/209565556740-compute@developer.gserviceaccount.com"},"versionId":"26","updateTime":"2025-08-28T10:41:03Z","buildId":"9c1bd2d5-e5fe-44c6-b970-070a9f99b4a5","buildName":"projects/209565556740/locations/us-central1/builds/9c1bd2d5-e5fe-44c6-b970-070a9f99b4a5"}}
[debug] [2025-08-28T10:41:12.058Z] [update-default-us-central1-onGiftReserved] Retrying task index 0
[debug] [2025-08-28T10:41:12.059Z] Checked if tokens are valid: true, expires at: 1756379533430
[debug] [2025-08-28T10:41:12.059Z] Checked if tokens are valid: true, expires at: 1756379533430
[debug] [2025-08-28T10:41:12.059Z] >>> [apiv2][query] GET https://cloudfunctions.googleapis.com/v1/operations/aG9jaHplaXRlZHVhcmRqb2FubmUvdXMtY2VudHJhbDEvb25HaWZ0UmVzZXJ2ZWQvbmh6RWhhLVJxMWs [none]
[debug] [2025-08-28T10:41:12.330Z] <<< [apiv2][status] GET https://cloudfunctions.googleapis.com/v1/operations/aG9jaHplaXRlZHVhcmRqb2FubmUvdXMtY2VudHJhbDEvb25HaWZ0UmVzZXJ2ZWQvbmh6RWhhLVJxMWs 200
[debug] [2025-08-28T10:41:12.331Z] <<< [apiv2][body] GET https://cloudfunctions.googleapis.com/v1/operations/aG9jaHplaXRlZHVhcmRqb2FubmUvdXMtY2VudHJhbDEvb25HaWZ0UmVzZXJ2ZWQvbmh6RWhhLVJxMWs {"name":"operations/aG9jaHplaXRlZHVhcmRqb2FubmUvdXMtY2VudHJhbDEvb25HaWZ0UmVzZXJ2ZWQvbmh6RWhhLVJxMWs","metadata":{"@type":"type.googleapis.com/google.cloud.functions.v1.OperationMetadataV1","target":"projects/hochzeiteduardjoanne/locations/us-central1/functions/onGiftReserved","type":"UPDATE_FUNCTION","request":{"@type":"type.googleapis.com/google.cloud.functions.v1.CloudFunction","name":"projects/hochzeiteduardjoanne/locations/us-central1/functions/onGiftReserved","eventTrigger":{"eventType":"providers/cloud.firestore/eventTypes/document.update","resource":"projects/hochzeiteduardjoanne/databases/(default)/documents/gifts/{giftId}","service":"firestore.googleapis.com"},"status":"ACTIVE","entryPoint":"onGiftReserved","updateTime":"2025-08-28T10:23:10.610Z","versionId":"25","labels":{"deployment-tool":"cli-firebase","firebase-functions-hash":"78496f89ec4eef54c773602d61392debceb8a74d"},"sourceUploadUrl":"https://storage.googleapis.com/uploads-6414912695.us-central1.cloudfunctions.appspot.com/80eea1a8-608c-4710-b592-c3f29df10691.zip?GoogleAccessId=service-209565556740@gcf-admin-robot.iam.gserviceaccount.com&Expires=1756379462&Signature=B62PD7BBuup1W2QFP1xcrwPPXob86P3sq6VoKJt%2BDuSyRRG%2BvSJ3%2BNhorKPQpGI0bHM4wCawgp%2Bxd5%2FcpMjZFm6ATOJjlko4nXLQWgNrcTt9QxEOwBoFCTmPEw3orNgl4IMyMSzVPk0ArgGYaDxhQowUbxZQYOM0sc8lEaw230mLtrVinwS%2BagdCnFi0yx3uDMZShX0%2FPsXeMvFCHt0yPSCAOB2UN3HfW8pvTV4C1rS4t4abv0xmpagwTteKGb4asTNlS%2B3gyDznf%2Bl%2BVcgBbPRUzLTxdSC1hj7DQ7htp2nUSqDutLRiiTYAXZ3M1266FUXsI5njc2Pnsgwhc5KBjw%3D%3D","environmentVariables":{"FIREBASE_CONFIG":"{\"projectId\":\"hochzeiteduardjoanne\",\"storageBucket\":\"hochzeiteduardjoanne.firebasestorage.app\"}","GCLOUD_PROJECT":"hochzeiteduardjoanne","EVENTARC_CLOUD_EVENT_SOURCE":"projects/hochzeiteduardjoanne/locations/us-central1/functions/onGiftReserved"},"runtime":"nodejs22","buildId":"87c33925-295a-4e82-8d98-b96901b6579a","buildEnvironmentVariables":{"GOOGLE_NODE_RUN_SCRIPTS":""},"buildName":"projects/209565556740/locations/us-central1/builds/87c33925-295a-4e82-8d98-b96901b6579a","dockerRegistry":"ARTIFACT_REGISTRY","automaticUpdatePolicy":{},"buildServiceAccount":"projects/hochzeiteduardjoanne/serviceAccounts/209565556740-compute@developer.gserviceaccount.com"},"versionId":"26","updateTime":"2025-08-28T10:41:03Z","buildId":"9c1bd2d5-e5fe-44c6-b970-070a9f99b4a5","buildName":"projects/209565556740/locations/us-central1/builds/9c1bd2d5-e5fe-44c6-b970-070a9f99b4a5"}}
[debug] [2025-08-28T10:41:20.331Z] [update-default-us-central1-onGiftReserved] Retrying task index 0
[debug] [2025-08-28T10:41:20.331Z] Checked if tokens are valid: true, expires at: 1756379533430
[debug] [2025-08-28T10:41:20.331Z] Checked if tokens are valid: true, expires at: 1756379533430
[debug] [2025-08-28T10:41:20.331Z] >>> [apiv2][query] GET https://cloudfunctions.googleapis.com/v1/operations/aG9jaHplaXRlZHVhcmRqb2FubmUvdXMtY2VudHJhbDEvb25HaWZ0UmVzZXJ2ZWQvbmh6RWhhLVJxMWs [none]
[debug] [2025-08-28T10:41:20.654Z] <<< [apiv2][status] GET https://cloudfunctions.googleapis.com/v1/operations/aG9jaHplaXRlZHVhcmRqb2FubmUvdXMtY2VudHJhbDEvb25HaWZ0UmVzZXJ2ZWQvbmh6RWhhLVJxMWs 200
[debug] [2025-08-28T10:41:20.654Z] <<< [apiv2][body] GET https://cloudfunctions.googleapis.com/v1/operations/aG9jaHplaXRlZHVhcmRqb2FubmUvdXMtY2VudHJhbDEvb25HaWZ0UmVzZXJ2ZWQvbmh6RWhhLVJxMWs {"name":"operations/aG9jaHplaXRlZHVhcmRqb2FubmUvdXMtY2VudHJhbDEvb25HaWZ0UmVzZXJ2ZWQvbmh6RWhhLVJxMWs","metadata":{"@type":"type.googleapis.com/google.cloud.functions.v1.OperationMetadataV1","target":"projects/hochzeiteduardjoanne/locations/us-central1/functions/onGiftReserved","type":"UPDATE_FUNCTION","request":{"@type":"type.googleapis.com/google.cloud.functions.v1.CloudFunction","name":"projects/hochzeiteduardjoanne/locations/us-central1/functions/onGiftReserved","eventTrigger":{"eventType":"providers/cloud.firestore/eventTypes/document.update","resource":"projects/hochzeiteduardjoanne/databases/(default)/documents/gifts/{giftId}","service":"firestore.googleapis.com"},"status":"ACTIVE","entryPoint":"onGiftReserved","updateTime":"2025-08-28T10:23:10.610Z","versionId":"25","labels":{"deployment-tool":"cli-firebase","firebase-functions-hash":"78496f89ec4eef54c773602d61392debceb8a74d"},"sourceUploadUrl":"https://storage.googleapis.com/uploads-6414912695.us-central1.cloudfunctions.appspot.com/80eea1a8-608c-4710-b592-c3f29df10691.zip?GoogleAccessId=service-209565556740@gcf-admin-robot.iam.gserviceaccount.com&Expires=1756379462&Signature=B62PD7BBuup1W2QFP1xcrwPPXob86P3sq6VoKJt%2BDuSyRRG%2BvSJ3%2BNhorKPQpGI0bHM4wCawgp%2Bxd5%2FcpMjZFm6ATOJjlko4nXLQWgNrcTt9QxEOwBoFCTmPEw3orNgl4IMyMSzVPk0ArgGYaDxhQowUbxZQYOM0sc8lEaw230mLtrVinwS%2BagdCnFi0yx3uDMZShX0%2FPsXeMvFCHt0yPSCAOB2UN3HfW8pvTV4C1rS4t4abv0xmpagwTteKGb4asTNlS%2B3gyDznf%2Bl%2BVcgBbPRUzLTxdSC1hj7DQ7htp2nUSqDutLRiiTYAXZ3M1266FUXsI5njc2Pnsgwhc5KBjw%3D%3D","environmentVariables":{"FIREBASE_CONFIG":"{\"projectId\":\"hochzeiteduardjoanne\",\"storageBucket\":\"hochzeiteduardjoanne.firebasestorage.app\"}","GCLOUD_PROJECT":"hochzeiteduardjoanne","EVENTARC_CLOUD_EVENT_SOURCE":"projects/hochzeiteduardjoanne/locations/us-central1/functions/onGiftReserved"},"runtime":"nodejs22","buildId":"87c33925-295a-4e82-8d98-b96901b6579a","buildEnvironmentVariables":{"GOOGLE_NODE_RUN_SCRIPTS":""},"buildName":"projects/209565556740/locations/us-central1/builds/87c33925-295a-4e82-8d98-b96901b6579a","dockerRegistry":"ARTIFACT_REGISTRY","automaticUpdatePolicy":{},"buildServiceAccount":"projects/hochzeiteduardjoanne/serviceAccounts/209565556740-compute@developer.gserviceaccount.com"},"versionId":"26","updateTime":"2025-08-28T10:41:03Z","buildId":"9c1bd2d5-e5fe-44c6-b970-070a9f99b4a5","buildName":"projects/209565556740/locations/us-central1/builds/9c1bd2d5-e5fe-44c6-b970-070a9f99b4a5"}}
[debug] [2025-08-28T10:41:30.654Z] [update-default-us-central1-onGiftReserved] Retrying task index 0
[debug] [2025-08-28T10:41:30.655Z] Checked if tokens are valid: true, expires at: 1756379533430
[debug] [2025-08-28T10:41:30.655Z] Checked if tokens are valid: true, expires at: 1756379533430
[debug] [2025-08-28T10:41:30.655Z] >>> [apiv2][query] GET https://cloudfunctions.googleapis.com/v1/operations/aG9jaHplaXRlZHVhcmRqb2FubmUvdXMtY2VudHJhbDEvb25HaWZ0UmVzZXJ2ZWQvbmh6RWhhLVJxMWs [none]
[debug] [2025-08-28T10:41:30.965Z] <<< [apiv2][status] GET https://cloudfunctions.googleapis.com/v1/operations/aG9jaHplaXRlZHVhcmRqb2FubmUvdXMtY2VudHJhbDEvb25HaWZ0UmVzZXJ2ZWQvbmh6RWhhLVJxMWs 200
[debug] [2025-08-28T10:41:30.966Z] <<< [apiv2][body] GET https://cloudfunctions.googleapis.com/v1/operations/aG9jaHplaXRlZHVhcmRqb2FubmUvdXMtY2VudHJhbDEvb25HaWZ0UmVzZXJ2ZWQvbmh6RWhhLVJxMWs {"name":"operations/aG9jaHplaXRlZHVhcmRqb2FubmUvdXMtY2VudHJhbDEvb25HaWZ0UmVzZXJ2ZWQvbmh6RWhhLVJxMWs","metadata":{"@type":"type.googleapis.com/google.cloud.functions.v1.OperationMetadataV1","target":"projects/hochzeiteduardjoanne/locations/us-central1/functions/onGiftReserved","type":"UPDATE_FUNCTION","request":{"@type":"type.googleapis.com/google.cloud.functions.v1.CloudFunction","name":"projects/hochzeiteduardjoanne/locations/us-central1/functions/onGiftReserved","eventTrigger":{"eventType":"providers/cloud.firestore/eventTypes/document.update","resource":"projects/hochzeiteduardjoanne/databases/(default)/documents/gifts/{giftId}","service":"firestore.googleapis.com"},"status":"ACTIVE","entryPoint":"onGiftReserved","updateTime":"2025-08-28T10:23:10.610Z","versionId":"25","labels":{"deployment-tool":"cli-firebase","firebase-functions-hash":"78496f89ec4eef54c773602d61392debceb8a74d"},"sourceUploadUrl":"https://storage.googleapis.com/uploads-6414912695.us-central1.cloudfunctions.appspot.com/80eea1a8-608c-4710-b592-c3f29df10691.zip?GoogleAccessId=service-209565556740@gcf-admin-robot.iam.gserviceaccount.com&Expires=1756379462&Signature=B62PD7BBuup1W2QFP1xcrwPPXob86P3sq6VoKJt%2BDuSyRRG%2BvSJ3%2BNhorKPQpGI0bHM4wCawgp%2Bxd5%2FcpMjZFm6ATOJjlko4nXLQWgNrcTt9QxEOwBoFCTmPEw3orNgl4IMyMSzVPk0ArgGYaDxhQowUbxZQYOM0sc8lEaw230mLtrVinwS%2BagdCnFi0yx3uDMZShX0%2FPsXeMvFCHt0yPSCAOB2UN3HfW8pvTV4C1rS4t4abv0xmpagwTteKGb4asTNlS%2B3gyDznf%2Bl%2BVcgBbPRUzLTxdSC1hj7DQ7htp2nUSqDutLRiiTYAXZ3M1266FUXsI5njc2Pnsgwhc5KBjw%3D%3D","environmentVariables":{"FIREBASE_CONFIG":"{\"projectId\":\"hochzeiteduardjoanne\",\"storageBucket\":\"hochzeiteduardjoanne.firebasestorage.app\"}","GCLOUD_PROJECT":"hochzeiteduardjoanne","EVENTARC_CLOUD_EVENT_SOURCE":"projects/hochzeiteduardjoanne/locations/us-central1/functions/onGiftReserved"},"runtime":"nodejs22","buildId":"87c33925-295a-4e82-8d98-b96901b6579a","buildEnvironmentVariables":{"GOOGLE_NODE_RUN_SCRIPTS":""},"buildName":"projects/209565556740/locations/us-central1/builds/87c33925-295a-4e82-8d98-b96901b6579a","dockerRegistry":"ARTIFACT_REGISTRY","automaticUpdatePolicy":{},"buildServiceAccount":"projects/hochzeiteduardjoanne/serviceAccounts/209565556740-compute@developer.gserviceaccount.com"},"versionId":"26","updateTime":"2025-08-28T10:41:03Z","buildId":"9c1bd2d5-e5fe-44c6-b970-070a9f99b4a5","buildName":"projects/209565556740/locations/us-central1/builds/9c1bd2d5-e5fe-44c6-b970-070a9f99b4a5"}}
